<?xml version="1.0" encoding="UTF-8"?>
<!-- Generated by org.testng.reporters.JUnitReportReporter -->
<testsuite hostname="Mac" failures="1" tests="6" name="com.test.booker.herokuapp.BookingAPITest" time="4.640" errors="0" timestamp="2025-10-05T01:30:14 IST" skipped="2">
  <testcase classname="com.test.booker.herokuapp.BookingAPITest" name="createBookingWithJsonTest" time="0.943"/>
  <testcase classname="com.test.booker.herokuapp.BookingAPITest" name="createBookingTest" time="0.857"/>
  <testcase classname="com.test.booker.herokuapp.BookingAPITest" name="updateBooking" time="1.138"/>
  <testcase classname="com.test.booker.herokuapp.BookingAPITest" name="deleteBooking" time="0.584">
    <skipped/>
  </testcase> <!-- deleteBooking -->
  <testcase classname="com.test.booker.herokuapp.BookingAPITest" name="deleteBooking" time="0.559">
    <failure message="Response code mismatch expected [200] but found [405]" type="java.lang.AssertionError">
      <![CDATA[java.lang.AssertionError: Response code mismatch expected [200] but found [405]
at org.testng.Assert.fail(Assert.java:111)
at org.testng.Assert.failNotEquals(Assert.java:1590)
at org.testng.Assert.assertEqualsImpl(Assert.java:150)
at org.testng.Assert.assertEquals(Assert.java:132)
at org.testng.Assert.assertEquals(Assert.java:1431)
at org.testng.Assert.assertEquals(Assert.java:1395)
at com.test.booker.herokuapp.BookingAPITest.deleteBooking(BookingAPITest.java:72)
at java.base/jdk.internal.reflect.DirectMethodHandleAccessor.invoke(DirectMethodHandleAccessor.java:103)
at java.base/java.lang.reflect.Method.invoke(Method.java:580)
at org.testng.internal.invokers.MethodInvocationHelper.invokeMethod(MethodInvocationHelper.java:141)
at org.testng.internal.invokers.TestInvoker.invokeMethod(TestInvoker.java:687)
at org.testng.internal.invokers.TestInvoker.retryFailed(TestInvoker.java:269)
at org.testng.internal.invokers.MethodRunner.runInSequence(MethodRunner.java:76)
at org.testng.internal.invokers.TestInvoker$MethodInvocationAgent.invoke(TestInvoker.java:995)
at org.testng.internal.invokers.TestInvoker.invokeTestMethods(TestInvoker.java:203)
at org.testng.internal.invokers.TestMethodWorker.invokeTestMethods(TestMethodWorker.java:154)
at org.testng.internal.invokers.TestMethodWorker.run(TestMethodWorker.java:134)
at java.base/java.util.ArrayList.forEach(ArrayList.java:1597)
at org.testng.TestRunner.privateRun(TestRunner.java:741)
at org.testng.TestRunner.run(TestRunner.java:616)
at org.testng.SuiteRunner.runTest(SuiteRunner.java:421)
at org.testng.SuiteRunner.runSequentially(SuiteRunner.java:413)
at org.testng.SuiteRunner.privateRun(SuiteRunner.java:373)
at org.testng.SuiteRunner.run(SuiteRunner.java:312)
at org.testng.SuiteRunnerWorker.runSuite(SuiteRunnerWorker.java:52)
at org.testng.SuiteRunnerWorker.run(SuiteRunnerWorker.java:95)
at org.testng.TestNG.runSuitesSequentially(TestNG.java:1274)
at org.testng.TestNG.runSuitesLocally(TestNG.java:1208)
at org.testng.TestNG.runSuites(TestNG.java:1112)
at org.testng.TestNG.run(TestNG.java:1079)
at org.testng.remote.AbstractRemoteTestNG.run(AbstractRemoteTestNG.java:115)
at org.testng.remote.RemoteTestNG.initAndRun(RemoteTestNG.java:293)
at org.testng.remote.RemoteTestNG.main(RemoteTestNG.java:91)
]]>
    </failure>
  </testcase> <!-- deleteBooking -->
  <testcase classname="com.test.booker.herokuapp.BookingAPITest" name="deleteBooking" time="0.559">
    <skipped/>
  </testcase> <!-- deleteBooking -->
</testsuite> <!-- com.test.booker.herokuapp.BookingAPITest -->
